This file contains any messages produced by compilers while
running configure, to aid debugging if configure makes a mistake.

It was created by WCSLIB configure 5.16, which was
generated by GNU Autoconf 2.69.  Invocation command line was

  $ ./configure --without-cfitsio --without-pgplot

## --------- ##
## Platform. ##
## --------- ##

hostname = AC02YP1U4LVDC
uname -m = x86_64
uname -r = 18.7.0
uname -s = Darwin
uname -v = Darwin Kernel Version 18.7.0: Mon May  3 20:41:19 PDT 2021; root:xnu-4903.278.68~1/RELEASE_X86_64

/usr/bin/uname -p = i386
/bin/uname -X     = unknown

/bin/arch              = unknown
/usr/bin/arch -k       = unknown
/usr/convex/getsysinfo = unknown
/usr/bin/hostinfo      = Mach kernel version:
	 Darwin Kernel Version 18.7.0: Mon May  3 20:41:19 PDT 2021; root:xnu-4903.278.68~1/RELEASE_X86_64
Kernel configured for up to 8 processors.
4 processors are physically available.
8 processors are logically available.
Processor type: x86_64h (Intel x86-64h Haswell)
Processors active: 0 1 2 3 4 5 6 7
Primary memory available: 8.00 gigabytes
Default processor set: 407 tasks, 2154 threads, 8 processors
Load average: 2.36, Mach factor: 5.63
/bin/machine           = unknown
/usr/bin/oslevel       = unknown
/bin/universe          = unknown

PATH: /Users/samvaughan/Software/2dfdr_install/bin
PATH: /Users/samvaughan/.cargo/bin
PATH: /opt/anaconda3/bin
PATH: /opt/anaconda3/condabin
PATH: /Users/samvaughan/anaconda3/bin
PATH: /usr/local/bin
PATH: /usr/bin
PATH: /bin
PATH: /usr/sbin
PATH: /sbin
PATH: /Library/TeX/texbin
PATH: /opt/X11/bin
PATH: /Users/samvaughan/bin
PATH: /usr/local/mysql/bin


## ----------- ##
## Core tests. ##
## ----------- ##

configure:2620: checking build system type
configure:2634: result: x86_64-apple-darwin18.7.0
configure:2661: checking for flex
configure:2677: found /usr/bin/flex
configure:2688: result: flex
configure:2705: Using Flex version 2.5.35.
configure:2767: checking for gcc
configure:2783: found /usr/bin/gcc
configure:2794: result: gcc
configure:3023: checking for C compiler version
configure:3032: gcc --version >&5
Apple LLVM version 10.0.1 (clang-1001.0.46.4)
Target: x86_64-apple-darwin18.7.0
Thread model: posix
InstalledDir: /Library/Developer/CommandLineTools/usr/bin
Configured with: --prefix=/Library/Developer/CommandLineTools/usr --with-gxx-include-dir=/Library/Developer/CommandLineTools/SDKs/MacOSX10.14.sdk/usr/include/c++/4.2.1
configure:3043: $? = 0
configure:3032: gcc -v >&5
Configured with: --prefix=/Library/Developer/CommandLineTools/usr --with-gxx-include-dir=/Library/Developer/CommandLineTools/SDKs/MacOSX10.14.sdk/usr/include/c++/4.2.1
Apple LLVM version 10.0.1 (clang-1001.0.46.4)
Target: x86_64-apple-darwin18.7.0
Thread model: posix
InstalledDir: /Library/Developer/CommandLineTools/usr/bin
configure:3043: $? = 0
configure:3032: gcc -V >&5
clang: error: unsupported option '-V -Wno-atomic-implicit-seq-cst'
clang: error: no input files
configure:3043: $? = 1
configure:3032: gcc -qversion >&5
clang: error: unknown argument '-qversion', did you mean '--version'?
clang: error: no input files
configure:3043: $? = 1
configure:3063: checking whether the C compiler works
configure:3085: gcc    conftest.c  >&5
configure:3089: $? = 0
configure:3137: result: yes
configure:3140: checking for C compiler default output file name
configure:3142: result: a.out
configure:3148: checking for suffix of executables
configure:3155: gcc -o conftest    conftest.c  >&5
configure:3159: $? = 0
configure:3181: result: 
configure:3203: checking whether we are cross compiling
configure:3211: gcc -o conftest    conftest.c  >&5
configure:3215: $? = 0
configure:3222: ./conftest
configure:3226: $? = 0
configure:3241: result: no
configure:3246: checking for suffix of object files
configure:3268: gcc -c   conftest.c >&5
configure:3272: $? = 0
configure:3293: result: o
configure:3297: checking whether we are using the GNU C compiler
configure:3316: gcc -c   conftest.c >&5
configure:3316: $? = 0
configure:3325: result: yes
configure:3334: checking whether gcc accepts -g
configure:3354: gcc -c -g  conftest.c >&5
configure:3354: $? = 0
configure:3395: result: yes
configure:3412: checking for gcc option to accept ISO C89
configure:3475: gcc  -c -g -O2  conftest.c >&5
configure:3475: $? = 0
configure:3488: result: none needed
configure:3513: checking how to run the C preprocessor
configure:3544: gcc -E  conftest.c
configure:3544: $? = 0
configure:3558: gcc -E  conftest.c
conftest.c:10:10: fatal error: 'ac_nonexistent.h' file not found
#include <ac_nonexistent.h>
         ^~~~~~~~~~~~~~~~~~
1 error generated.
configure:3558: $? = 1
configure: failed program was:
| /* confdefs.h */
| #define PACKAGE_NAME "WCSLIB"
| #define PACKAGE_TARNAME "wcslib-5.16"
| #define PACKAGE_VERSION "5.16"
| #define PACKAGE_STRING "WCSLIB 5.16"
| #define PACKAGE_BUGREPORT "mark@calabretta.id.au"
| #define PACKAGE_URL ""
| #define WCSLIB_VERSION 5.16
| /* end confdefs.h.  */
| #include <ac_nonexistent.h>
configure:3583: result: gcc -E
configure:3603: gcc -E  conftest.c
configure:3603: $? = 0
configure:3617: gcc -E  conftest.c
conftest.c:10:10: fatal error: 'ac_nonexistent.h' file not found
#include <ac_nonexistent.h>
         ^~~~~~~~~~~~~~~~~~
1 error generated.
configure:3617: $? = 1
configure: failed program was:
| /* confdefs.h */
| #define PACKAGE_NAME "WCSLIB"
| #define PACKAGE_TARNAME "wcslib-5.16"
| #define PACKAGE_VERSION "5.16"
| #define PACKAGE_STRING "WCSLIB 5.16"
| #define PACKAGE_BUGREPORT "mark@calabretta.id.au"
| #define PACKAGE_URL ""
| #define WCSLIB_VERSION 5.16
| /* end confdefs.h.  */
| #include <ac_nonexistent.h>
configure:3693: checking for gcc
configure:3720: result: gcc
configure:3949: checking for C compiler version
configure:3958: gcc --version >&5
Apple LLVM version 10.0.1 (clang-1001.0.46.4)
Target: x86_64-apple-darwin18.7.0
Thread model: posix
InstalledDir: /Library/Developer/CommandLineTools/usr/bin
Configured with: --prefix=/Library/Developer/CommandLineTools/usr --with-gxx-include-dir=/Library/Developer/CommandLineTools/SDKs/MacOSX10.14.sdk/usr/include/c++/4.2.1
configure:3969: $? = 0
configure:3958: gcc -v >&5
Configured with: --prefix=/Library/Developer/CommandLineTools/usr --with-gxx-include-dir=/Library/Developer/CommandLineTools/SDKs/MacOSX10.14.sdk/usr/include/c++/4.2.1
Apple LLVM version 10.0.1 (clang-1001.0.46.4)
Target: x86_64-apple-darwin18.7.0
Thread model: posix
InstalledDir: /Library/Developer/CommandLineTools/usr/bin
configure:3969: $? = 0
configure:3958: gcc -V >&5
clang: error: unsupported option '-V -Wno-atomic-implicit-seq-cst'
clang: error: no input files
configure:3969: $? = 1
configure:3958: gcc -qversion >&5
clang: error: unknown argument '-qversion', did you mean '--version'?
clang: error: no input files
configure:3969: $? = 1
configure:3973: checking whether we are using the GNU C compiler
configure:4001: result: yes
configure:4010: checking whether gcc accepts -g
configure:4071: result: yes
configure:4088: checking for gcc option to accept ISO C89
configure:4164: result: none needed
configure:4188: checking for gcc option to accept ISO C99
configure:4337: gcc  -c -g -O2  conftest.c >&5
configure:4337: $? = 0
configure:4350: result: none needed
configure:4458: checking for gcc option to accept ISO Standard C
configure:4469: result: none needed
configure:4477: checking for an ANSI C-conforming const
configure:4543: gcc -c -g -O2  conftest.c >&5
configure:4543: $? = 0
configure:4550: result: yes
configure:4559: checking for grep that handles long lines and -e
configure:4617: result: /usr/bin/grep
configure:4622: checking for egrep
configure:4684: result: /usr/bin/grep -E
configure:4689: checking for ANSI C header files
configure:4709: gcc -c -g -O2  conftest.c >&5
configure:4709: $? = 0
configure:4782: gcc -o conftest -g -O2   conftest.c  >&5
configure:4782: $? = 0
configure:4782: ./conftest
configure:4782: $? = 0
configure:4793: result: yes
configure:4806: checking for sys/types.h
configure:4806: gcc -c -g -O2  conftest.c >&5
configure:4806: $? = 0
configure:4806: result: yes
configure:4806: checking for sys/stat.h
configure:4806: gcc -c -g -O2  conftest.c >&5
configure:4806: $? = 0
configure:4806: result: yes
configure:4806: checking for stdlib.h
configure:4806: gcc -c -g -O2  conftest.c >&5
configure:4806: $? = 0
configure:4806: result: yes
configure:4806: checking for string.h
configure:4806: gcc -c -g -O2  conftest.c >&5
configure:4806: $? = 0
configure:4806: result: yes
configure:4806: checking for memory.h
configure:4806: gcc -c -g -O2  conftest.c >&5
configure:4806: $? = 0
configure:4806: result: yes
configure:4806: checking for strings.h
configure:4806: gcc -c -g -O2  conftest.c >&5
configure:4806: $? = 0
configure:4806: result: yes
configure:4806: checking for inttypes.h
configure:4806: gcc -c -g -O2  conftest.c >&5
configure:4806: $? = 0
configure:4806: result: yes
configure:4806: checking for stdint.h
configure:4806: gcc -c -g -O2  conftest.c >&5
configure:4806: $? = 0
configure:4806: result: yes
configure:4806: checking for unistd.h
configure:4806: gcc -c -g -O2  conftest.c >&5
configure:4806: $? = 0
configure:4806: result: yes
configure:4818: checking for size_t
configure:4818: gcc -c -g -O2  conftest.c >&5
configure:4818: $? = 0
configure:4818: gcc -c -g -O2  conftest.c >&5
conftest.c:56:21: error: expected expression
if (sizeof ((size_t)))
                    ^
1 error generated.
configure:4818: $? = 1
configure: failed program was:
| /* confdefs.h */
| #define PACKAGE_NAME "WCSLIB"
| #define PACKAGE_TARNAME "wcslib-5.16"
| #define PACKAGE_VERSION "5.16"
| #define PACKAGE_STRING "WCSLIB 5.16"
| #define PACKAGE_BUGREPORT "mark@calabretta.id.au"
| #define PACKAGE_URL ""
| #define WCSLIB_VERSION 5.16
| #define STDC_HEADERS 1
| #define HAVE_SYS_TYPES_H 1
| #define HAVE_SYS_STAT_H 1
| #define HAVE_STDLIB_H 1
| #define HAVE_STRING_H 1
| #define HAVE_MEMORY_H 1
| #define HAVE_STRINGS_H 1
| #define HAVE_INTTYPES_H 1
| #define HAVE_STDINT_H 1
| #define HAVE_UNISTD_H 1
| /* end confdefs.h.  */
| #include <stdio.h>
| #ifdef HAVE_SYS_TYPES_H
| # include <sys/types.h>
| #endif
| #ifdef HAVE_SYS_STAT_H
| # include <sys/stat.h>
| #endif
| #ifdef STDC_HEADERS
| # include <stdlib.h>
| # include <stddef.h>
| #else
| # ifdef HAVE_STDLIB_H
| #  include <stdlib.h>
| # endif
| #endif
| #ifdef HAVE_STRING_H
| # if !defined STDC_HEADERS && defined HAVE_MEMORY_H
| #  include <memory.h>
| # endif
| # include <string.h>
| #endif
| #ifdef HAVE_STRINGS_H
| # include <strings.h>
| #endif
| #ifdef HAVE_INTTYPES_H
| # include <inttypes.h>
| #endif
| #ifdef HAVE_STDINT_H
| # include <stdint.h>
| #endif
| #ifdef HAVE_UNISTD_H
| # include <unistd.h>
| #endif
| int
| main ()
| {
| if (sizeof ((size_t)))
| 	    return 0;
|   ;
|   return 0;
| }
configure:4818: result: yes
configure:4842: checking for off_t
configure:4842: gcc -c -g -O2  conftest.c >&5
configure:4842: $? = 0
configure:4842: gcc -c -g -O2  conftest.c >&5
conftest.c:56:20: error: expected expression
if (sizeof ((off_t)))
                   ^
1 error generated.
configure:4842: $? = 1
configure: failed program was:
| /* confdefs.h */
| #define PACKAGE_NAME "WCSLIB"
| #define PACKAGE_TARNAME "wcslib-5.16"
| #define PACKAGE_VERSION "5.16"
| #define PACKAGE_STRING "WCSLIB 5.16"
| #define PACKAGE_BUGREPORT "mark@calabretta.id.au"
| #define PACKAGE_URL ""
| #define WCSLIB_VERSION 5.16
| #define STDC_HEADERS 1
| #define HAVE_SYS_TYPES_H 1
| #define HAVE_SYS_STAT_H 1
| #define HAVE_STDLIB_H 1
| #define HAVE_STRING_H 1
| #define HAVE_MEMORY_H 1
| #define HAVE_STRINGS_H 1
| #define HAVE_INTTYPES_H 1
| #define HAVE_STDINT_H 1
| #define HAVE_UNISTD_H 1
| /* end confdefs.h.  */
| #include <stdio.h>
| #ifdef HAVE_SYS_TYPES_H
| # include <sys/types.h>
| #endif
| #ifdef HAVE_SYS_STAT_H
| # include <sys/stat.h>
| #endif
| #ifdef STDC_HEADERS
| # include <stdlib.h>
| # include <stddef.h>
| #else
| # ifdef HAVE_STDLIB_H
| #  include <stdlib.h>
| # endif
| #endif
| #ifdef HAVE_STRING_H
| # if !defined STDC_HEADERS && defined HAVE_MEMORY_H
| #  include <memory.h>
| # endif
| # include <string.h>
| #endif
| #ifdef HAVE_STRINGS_H
| # include <strings.h>
| #endif
| #ifdef HAVE_INTTYPES_H
| # include <inttypes.h>
| #endif
| #ifdef HAVE_STDINT_H
| # include <stdint.h>
| #endif
| #ifdef HAVE_UNISTD_H
| # include <unistd.h>
| #endif
| int
| main ()
| {
| if (sizeof ((off_t)))
| 	    return 0;
|   ;
|   return 0;
| }
configure:4842: result: yes
configure:4853: checking for int8_t
configure:4853: gcc -c -g -O2  conftest.c >&5
configure:4853: $? = 0
configure:4853: gcc -c -g -O2  conftest.c >&5
conftest.c:57:24: error: 'test_array' declared as an array with a negative size
static int test_array [1 - 2 * !((int8_t) (((((int8_t) 1 << N) << N) - 1) * 2 + 1)
                       ^~~~~~~~~~~~~~~~~~~~~~~~~~~~~~~~~~~~~~~~~~~~~~~~~~~~~~~~~~~
1 error generated.
configure:4853: $? = 1
configure: failed program was:
| /* confdefs.h */
| #define PACKAGE_NAME "WCSLIB"
| #define PACKAGE_TARNAME "wcslib-5.16"
| #define PACKAGE_VERSION "5.16"
| #define PACKAGE_STRING "WCSLIB 5.16"
| #define PACKAGE_BUGREPORT "mark@calabretta.id.au"
| #define PACKAGE_URL ""
| #define WCSLIB_VERSION 5.16
| #define STDC_HEADERS 1
| #define HAVE_SYS_TYPES_H 1
| #define HAVE_SYS_STAT_H 1
| #define HAVE_STDLIB_H 1
| #define HAVE_STRING_H 1
| #define HAVE_MEMORY_H 1
| #define HAVE_STRINGS_H 1
| #define HAVE_INTTYPES_H 1
| #define HAVE_STDINT_H 1
| #define HAVE_UNISTD_H 1
| /* end confdefs.h.  */
| #include <stdio.h>
| #ifdef HAVE_SYS_TYPES_H
| # include <sys/types.h>
| #endif
| #ifdef HAVE_SYS_STAT_H
| # include <sys/stat.h>
| #endif
| #ifdef STDC_HEADERS
| # include <stdlib.h>
| # include <stddef.h>
| #else
| # ifdef HAVE_STDLIB_H
| #  include <stdlib.h>
| # endif
| #endif
| #ifdef HAVE_STRING_H
| # if !defined STDC_HEADERS && defined HAVE_MEMORY_H
| #  include <memory.h>
| # endif
| # include <string.h>
| #endif
| #ifdef HAVE_STRINGS_H
| # include <strings.h>
| #endif
| #ifdef HAVE_INTTYPES_H
| # include <inttypes.h>
| #endif
| #ifdef HAVE_STDINT_H
| # include <stdint.h>
| #endif
| #ifdef HAVE_UNISTD_H
| # include <unistd.h>
| #endif
| 	        enum { N = 8 / 2 - 1 };
| int
| main ()
| {
| static int test_array [1 - 2 * !((int8_t) (((((int8_t) 1 << N) << N) - 1) * 2 + 1)
| 		 < (int8_t) (((((int8_t) 1 << N) << N) - 1) * 2 + 2))];
| test_array [0] = 0;
| return test_array [0];
| 
|   ;
|   return 0;
| }
configure:4853: result: yes
configure:4864: checking for int16_t
configure:4864: gcc -c -g -O2  conftest.c >&5
configure:4864: $? = 0
configure:4864: gcc -c -g -O2  conftest.c >&5
conftest.c:57:24: error: 'test_array' declared as an array with a negative size
static int test_array [1 - 2 * !((int16_t) (((((int16_t) 1 << N) << N) - 1) * 2 + 1)
                       ^~~~~~~~~~~~~~~~~~~~~~~~~~~~~~~~~~~~~~~~~~~~~~~~~~~~~~~~~~~~~
1 error generated.
configure:4864: $? = 1
configure: failed program was:
| /* confdefs.h */
| #define PACKAGE_NAME "WCSLIB"
| #define PACKAGE_TARNAME "wcslib-5.16"
| #define PACKAGE_VERSION "5.16"
| #define PACKAGE_STRING "WCSLIB 5.16"
| #define PACKAGE_BUGREPORT "mark@calabretta.id.au"
| #define PACKAGE_URL ""
| #define WCSLIB_VERSION 5.16
| #define STDC_HEADERS 1
| #define HAVE_SYS_TYPES_H 1
| #define HAVE_SYS_STAT_H 1
| #define HAVE_STDLIB_H 1
| #define HAVE_STRING_H 1
| #define HAVE_MEMORY_H 1
| #define HAVE_STRINGS_H 1
| #define HAVE_INTTYPES_H 1
| #define HAVE_STDINT_H 1
| #define HAVE_UNISTD_H 1
| /* end confdefs.h.  */
| #include <stdio.h>
| #ifdef HAVE_SYS_TYPES_H
| # include <sys/types.h>
| #endif
| #ifdef HAVE_SYS_STAT_H
| # include <sys/stat.h>
| #endif
| #ifdef STDC_HEADERS
| # include <stdlib.h>
| # include <stddef.h>
| #else
| # ifdef HAVE_STDLIB_H
| #  include <stdlib.h>
| # endif
| #endif
| #ifdef HAVE_STRING_H
| # if !defined STDC_HEADERS && defined HAVE_MEMORY_H
| #  include <memory.h>
| # endif
| # include <string.h>
| #endif
| #ifdef HAVE_STRINGS_H
| # include <strings.h>
| #endif
| #ifdef HAVE_INTTYPES_H
| # include <inttypes.h>
| #endif
| #ifdef HAVE_STDINT_H
| # include <stdint.h>
| #endif
| #ifdef HAVE_UNISTD_H
| # include <unistd.h>
| #endif
| 	        enum { N = 16 / 2 - 1 };
| int
| main ()
| {
| static int test_array [1 - 2 * !((int16_t) (((((int16_t) 1 << N) << N) - 1) * 2 + 1)
| 		 < (int16_t) (((((int16_t) 1 << N) << N) - 1) * 2 + 2))];
| test_array [0] = 0;
| return test_array [0];
| 
|   ;
|   return 0;
| }
configure:4864: result: yes
configure:4875: checking for int32_t
configure:4875: gcc -c -g -O2  conftest.c >&5
configure:4875: $? = 0
configure:4875: gcc -c -g -O2  conftest.c >&5
conftest.c:57:24: error: 'test_array' declared as an array with a negative size
static int test_array [1 - 2 * !((int32_t) (((((int32_t) 1 << N) << N) - 1) * 2 + 1)
                       ^~~~~~~~~~~~~~~~~~~~~~~~~~~~~~~~~~~~~~~~~~~~~~~~~~~~~~~~~~~~~
1 error generated.
configure:4875: $? = 1
configure: failed program was:
| /* confdefs.h */
| #define PACKAGE_NAME "WCSLIB"
| #define PACKAGE_TARNAME "wcslib-5.16"
| #define PACKAGE_VERSION "5.16"
| #define PACKAGE_STRING "WCSLIB 5.16"
| #define PACKAGE_BUGREPORT "mark@calabretta.id.au"
| #define PACKAGE_URL ""
| #define WCSLIB_VERSION 5.16
| #define STDC_HEADERS 1
| #define HAVE_SYS_TYPES_H 1
| #define HAVE_SYS_STAT_H 1
| #define HAVE_STDLIB_H 1
| #define HAVE_STRING_H 1
| #define HAVE_MEMORY_H 1
| #define HAVE_STRINGS_H 1
| #define HAVE_INTTYPES_H 1
| #define HAVE_STDINT_H 1
| #define HAVE_UNISTD_H 1
| /* end confdefs.h.  */
| #include <stdio.h>
| #ifdef HAVE_SYS_TYPES_H
| # include <sys/types.h>
| #endif
| #ifdef HAVE_SYS_STAT_H
| # include <sys/stat.h>
| #endif
| #ifdef STDC_HEADERS
| # include <stdlib.h>
| # include <stddef.h>
| #else
| # ifdef HAVE_STDLIB_H
| #  include <stdlib.h>
| # endif
| #endif
| #ifdef HAVE_STRING_H
| # if !defined STDC_HEADERS && defined HAVE_MEMORY_H
| #  include <memory.h>
| # endif
| # include <string.h>
| #endif
| #ifdef HAVE_STRINGS_H
| # include <strings.h>
| #endif
| #ifdef HAVE_INTTYPES_H
| # include <inttypes.h>
| #endif
| #ifdef HAVE_STDINT_H
| # include <stdint.h>
| #endif
| #ifdef HAVE_UNISTD_H
| # include <unistd.h>
| #endif
| 	        enum { N = 32 / 2 - 1 };
| int
| main ()
| {
| static int test_array [1 - 2 * !((int32_t) (((((int32_t) 1 << N) << N) - 1) * 2 + 1)
| 		 < (int32_t) (((((int32_t) 1 << N) << N) - 1) * 2 + 2))];
| test_array [0] = 0;
| return test_array [0];
| 
|   ;
|   return 0;
| }
configure:4875: result: yes
configure:4886: checking for uint8_t
configure:4886: gcc -c -g -O2  conftest.c >&5
configure:4886: $? = 0
configure:4886: result: yes
configure:4900: checking for uint16_t
configure:4900: gcc -c -g -O2  conftest.c >&5
configure:4900: $? = 0
configure:4900: result: yes
configure:4912: checking for uint32_t
configure:4912: gcc -c -g -O2  conftest.c >&5
configure:4912: $? = 0
configure:4912: result: yes
configure:4928: checking for ANSI C header files
configure:5032: result: yes
configure:5044: checking ctype.h usability
configure:5044: gcc -c -g -O2  conftest.c >&5
configure:5044: $? = 0
configure:5044: result: yes
configure:5044: checking ctype.h presence
configure:5044: gcc -E  conftest.c
configure:5044: $? = 0
configure:5044: result: yes
configure:5044: checking for ctype.h
configure:5044: result: yes
configure:5044: checking errno.h usability
configure:5044: gcc -c -g -O2  conftest.c >&5
configure:5044: $? = 0
configure:5044: result: yes
configure:5044: checking errno.h presence
configure:5044: gcc -E  conftest.c
configure:5044: $? = 0
configure:5044: result: yes
configure:5044: checking for errno.h
configure:5044: result: yes
configure:5044: checking limits.h usability
configure:5044: gcc -c -g -O2  conftest.c >&5
configure:5044: $? = 0
configure:5044: result: yes
configure:5044: checking limits.h presence
configure:5044: gcc -E  conftest.c
configure:5044: $? = 0
configure:5044: result: yes
configure:5044: checking for limits.h
configure:5044: result: yes
configure:5044: checking locale.h usability
configure:5044: gcc -c -g -O2  conftest.c >&5
configure:5044: $? = 0
configure:5044: result: yes
configure:5044: checking locale.h presence
configure:5044: gcc -E  conftest.c
configure:5044: $? = 0
configure:5044: result: yes
configure:5044: checking for locale.h
configure:5044: result: yes
configure:5044: checking math.h usability
configure:5044: gcc -c -g -O2  conftest.c >&5
configure:5044: $? = 0
configure:5044: result: yes
configure:5044: checking math.h presence
configure:5044: gcc -E  conftest.c
configure:5044: $? = 0
configure:5044: result: yes
configure:5044: checking for math.h
configure:5044: result: yes
configure:5044: checking setjmp.h usability
configure:5044: gcc -c -g -O2  conftest.c >&5
configure:5044: $? = 0
configure:5044: result: yes
configure:5044: checking setjmp.h presence
configure:5044: gcc -E  conftest.c
configure:5044: $? = 0
configure:5044: result: yes
configure:5044: checking for setjmp.h
configure:5044: result: yes
configure:5044: checking stdarg.h usability
configure:5044: gcc -c -g -O2  conftest.c >&5
configure:5044: $? = 0
configure:5044: result: yes
configure:5044: checking stdarg.h presence
configure:5044: gcc -E  conftest.c
configure:5044: $? = 0
configure:5044: result: yes
configure:5044: checking for stdarg.h
configure:5044: result: yes
configure:5044: checking stdio.h usability
configure:5044: gcc -c -g -O2  conftest.c >&5
configure:5044: $? = 0
configure:5044: result: yes
configure:5044: checking stdio.h presence
configure:5044: gcc -E  conftest.c
configure:5044: $? = 0
configure:5044: result: yes
configure:5044: checking for stdio.h
configure:5044: result: yes
configure:5044: checking for stdlib.h
configure:5044: result: yes
configure:5044: checking for string.h
configure:5044: result: yes
configure:5066: checking for floor in -lm
configure:5091: gcc -o conftest -g -O2   conftest.c -lm   >&5
conftest.c:38:6: warning: incompatible redeclaration of library function 'floor' [-Wincompatible-library-redeclaration]
char floor ();
     ^
conftest.c:38:6: note: 'floor' is a builtin with type 'double (double)'
1 warning generated.
configure:5091: $? = 0
configure:5100: result: yes
configure:5111: checking for _LARGEFILE_SOURCE value needed for large files
configure:5130: gcc -o conftest -g -O2   conftest.c -lm  >&5
configure:5130: $? = 0
configure:5158: result: no
configure:5181: checking for stdlib.h
configure:5181: result: yes
configure:5191: checking for GNU libc compatible malloc
configure:5215: gcc -o conftest -g -O2   conftest.c -lm  >&5
configure:5215: $? = 0
configure:5215: ./conftest
configure:5215: $? = 0
configure:5225: result: yes
configure:5248: checking for stdlib.h
configure:5248: result: yes
configure:5258: checking for GNU libc compatible realloc
configure:5282: gcc -o conftest -g -O2   conftest.c -lm  >&5
configure:5282: $? = 0
configure:5282: ./conftest
configure:5282: $? = 0
configure:5292: result: yes
configure:5320: checking whether lstat correctly handles trailing slash
configure:5346: gcc -o conftest -g -O2   conftest.c -lm  >&5
configure:5346: $? = 0
configure:5346: ./conftest
configure:5346: $? = 1
configure: program exited with status 1
configure: failed program was:
| /* confdefs.h */
| #define PACKAGE_NAME "WCSLIB"
| #define PACKAGE_TARNAME "wcslib-5.16"
| #define PACKAGE_VERSION "5.16"
| #define PACKAGE_STRING "WCSLIB 5.16"
| #define PACKAGE_BUGREPORT "mark@calabretta.id.au"
| #define PACKAGE_URL ""
| #define WCSLIB_VERSION 5.16
| #define STDC_HEADERS 1
| #define HAVE_SYS_TYPES_H 1
| #define HAVE_SYS_STAT_H 1
| #define HAVE_STDLIB_H 1
| #define HAVE_STRING_H 1
| #define HAVE_MEMORY_H 1
| #define HAVE_STRINGS_H 1
| #define HAVE_INTTYPES_H 1
| #define HAVE_STDINT_H 1
| #define HAVE_UNISTD_H 1
| #define STDC_HEADERS 1
| #define HAVE_CTYPE_H 1
| #define HAVE_ERRNO_H 1
| #define HAVE_LIMITS_H 1
| #define HAVE_LOCALE_H 1
| #define HAVE_MATH_H 1
| #define HAVE_SETJMP_H 1
| #define HAVE_STDARG_H 1
| #define HAVE_STDIO_H 1
| #define HAVE_STDLIB_H 1
| #define HAVE_STRING_H 1
| #define HAVE_LIBM 1
| #define HAVE_FSEEKO 1
| #define HAVE_STDLIB_H 1
| #define HAVE_MALLOC 1
| #define HAVE_STDLIB_H 1
| #define HAVE_REALLOC 1
| /* end confdefs.h.  */
| #include <stdio.h>
| #ifdef HAVE_SYS_TYPES_H
| # include <sys/types.h>
| #endif
| #ifdef HAVE_SYS_STAT_H
| # include <sys/stat.h>
| #endif
| #ifdef STDC_HEADERS
| # include <stdlib.h>
| # include <stddef.h>
| #else
| # ifdef HAVE_STDLIB_H
| #  include <stdlib.h>
| # endif
| #endif
| #ifdef HAVE_STRING_H
| # if !defined STDC_HEADERS && defined HAVE_MEMORY_H
| #  include <memory.h>
| # endif
| # include <string.h>
| #endif
| #ifdef HAVE_STRINGS_H
| # include <strings.h>
| #endif
| #ifdef HAVE_INTTYPES_H
| # include <inttypes.h>
| #endif
| #ifdef HAVE_STDINT_H
| # include <stdint.h>
| #endif
| #ifdef HAVE_UNISTD_H
| # include <unistd.h>
| #endif
| int
| main ()
| {
| struct stat sbuf;
|      /* Linux will dereference the symlink and fail, as required by POSIX.
| 	That is better in the sense that it means we will not
| 	have to compile and use the lstat wrapper.  */
|      return lstat ("conftest.sym/", &sbuf) == 0;
|   ;
|   return 0;
| }
configure:5363: result: no
configure:5382: checking whether stat accepts an empty string
configure:5402: gcc -o conftest -g -O2   conftest.c -lm  >&5
configure:5402: $? = 0
configure:5402: ./conftest
configure:5402: $? = 0
configure:5412: result: no
configure:5430: checking for vprintf
configure:5430: gcc -o conftest -g -O2   conftest.c -lm  >&5
conftest.c:60:6: warning: incompatible redeclaration of library function 'vprintf' [-Wincompatible-library-redeclaration]
char vprintf ();
     ^
conftest.c:60:6: note: 'vprintf' is a builtin with type 'int (const char *, struct __va_list_tag *)'
1 warning generated.
configure:5430: $? = 0
configure:5430: result: yes
configure:5436: checking for _doprnt
configure:5436: gcc -o conftest -g -O2   conftest.c -lm  >&5
Undefined symbols for architecture x86_64:
  "__doprnt", referenced from:
      _main in conftest-941888.o
ld: symbol(s) not found for architecture x86_64
clang: error: linker command failed with exit code 1 (use -v to see invocation)
configure:5436: $? = 1
configure: failed program was:
| /* confdefs.h */
| #define PACKAGE_NAME "WCSLIB"
| #define PACKAGE_TARNAME "wcslib-5.16"
| #define PACKAGE_VERSION "5.16"
| #define PACKAGE_STRING "WCSLIB 5.16"
| #define PACKAGE_BUGREPORT "mark@calabretta.id.au"
| #define PACKAGE_URL ""
| #define WCSLIB_VERSION 5.16
| #define STDC_HEADERS 1
| #define HAVE_SYS_TYPES_H 1
| #define HAVE_SYS_STAT_H 1
| #define HAVE_STDLIB_H 1
| #define HAVE_STRING_H 1
| #define HAVE_MEMORY_H 1
| #define HAVE_STRINGS_H 1
| #define HAVE_INTTYPES_H 1
| #define HAVE_STDINT_H 1
| #define HAVE_UNISTD_H 1
| #define STDC_HEADERS 1
| #define HAVE_CTYPE_H 1
| #define HAVE_ERRNO_H 1
| #define HAVE_LIMITS_H 1
| #define HAVE_LOCALE_H 1
| #define HAVE_MATH_H 1
| #define HAVE_SETJMP_H 1
| #define HAVE_STDARG_H 1
| #define HAVE_STDIO_H 1
| #define HAVE_STDLIB_H 1
| #define HAVE_STRING_H 1
| #define HAVE_LIBM 1
| #define HAVE_FSEEKO 1
| #define HAVE_STDLIB_H 1
| #define HAVE_MALLOC 1
| #define HAVE_STDLIB_H 1
| #define HAVE_REALLOC 1
| #define HAVE_VPRINTF 1
| /* end confdefs.h.  */
| /* Define _doprnt to an innocuous variant, in case <limits.h> declares _doprnt.
|    For example, HP-UX 11i <limits.h> declares gettimeofday.  */
| #define _doprnt innocuous__doprnt
| 
| /* System header to define __stub macros and hopefully few prototypes,
|     which can conflict with char _doprnt (); below.
|     Prefer <limits.h> to <assert.h> if __STDC__ is defined, since
|     <limits.h> exists even on freestanding compilers.  */
| 
| #ifdef __STDC__
| # include <limits.h>
| #else
| # include <assert.h>
| #endif
| 
| #undef _doprnt
| 
| /* Override any GCC internal prototype to avoid an error.
|    Use char because int might match the return type of a GCC
|    builtin and then its argument prototype would still apply.  */
| #ifdef __cplusplus
| extern "C"
| #endif
| char _doprnt ();
| /* The GNU C library defines this for functions which it implements
|     to always fail with ENOSYS.  Some functions are actually named
|     something starting with __ and the normal name is an alias.  */
| #if defined __stub__doprnt || defined __stub____doprnt
| choke me
| #endif
| 
| int
| main ()
| {
| return _doprnt ();
|   ;
|   return 0;
| }
configure:5436: result: no
configure:5450: checking for floor
configure:5450: gcc -o conftest -g -O2   conftest.c -lm  >&5
conftest.c:61:6: warning: incompatible redeclaration of library function 'floor' [-Wincompatible-library-redeclaration]
char floor ();
     ^
conftest.c:61:6: note: 'floor' is a builtin with type 'double (double)'
1 warning generated.
configure:5450: $? = 0
configure:5450: result: yes
configure:5450: checking for memset
configure:5450: gcc -o conftest -g -O2   conftest.c -lm  >&5
conftest.c:62:6: warning: incompatible redeclaration of library function 'memset' [-Wincompatible-library-redeclaration]
char memset ();
     ^
conftest.c:62:6: note: 'memset' is a builtin with type 'void *(void *, int, unsigned long)'
1 warning generated.
configure:5450: $? = 0
configure:5450: result: yes
configure:5450: checking for pow
configure:5450: gcc -o conftest -g -O2   conftest.c -lm  >&5
conftest.c:63:6: warning: incompatible redeclaration of library function 'pow' [-Wincompatible-library-redeclaration]
char pow ();
     ^
conftest.c:63:6: note: 'pow' is a builtin with type 'double (double, double)'
1 warning generated.
configure:5450: $? = 0
configure:5450: result: yes
configure:5450: checking for setlocale
configure:5450: gcc -o conftest -g -O2   conftest.c -lm  >&5
configure:5450: $? = 0
configure:5450: result: yes
configure:5450: checking for sqrt
configure:5450: gcc -o conftest -g -O2   conftest.c -lm  >&5
conftest.c:65:6: warning: incompatible redeclaration of library function 'sqrt' [-Wincompatible-library-redeclaration]
char sqrt ();
     ^
conftest.c:65:6: note: 'sqrt' is a builtin with type 'double (double)'
1 warning generated.
configure:5450: $? = 0
configure:5450: result: yes
configure:5450: checking for strchr
configure:5450: gcc -o conftest -g -O2   conftest.c -lm  >&5
conftest.c:66:6: warning: incompatible redeclaration of library function 'strchr' [-Wincompatible-library-redeclaration]
char strchr ();
     ^
conftest.c:66:6: note: 'strchr' is a builtin with type 'char *(const char *, int)'
1 warning generated.
configure:5450: $? = 0
configure:5450: result: yes
configure:5450: checking for strstr
configure:5450: gcc -o conftest -g -O2   conftest.c -lm  >&5
conftest.c:67:6: warning: incompatible redeclaration of library function 'strstr' [-Wincompatible-library-redeclaration]
char strstr ();
     ^
conftest.c:67:6: note: 'strstr' is a builtin with type 'char *(const char *, const char *)'
1 warning generated.
configure:5450: $? = 0
configure:5450: result: yes
configure:5462: checking for cosd in -lsunmath
configure:5487: gcc -o conftest -g -O2   conftest.c -lsunmath  -lm  >&5
ld: library not found for -lsunmath
clang: error: linker command failed with exit code 1 (use -v to see invocation)
configure:5487: $? = 1
configure: failed program was:
| /* confdefs.h */
| #define PACKAGE_NAME "WCSLIB"
| #define PACKAGE_TARNAME "wcslib-5.16"
| #define PACKAGE_VERSION "5.16"
| #define PACKAGE_STRING "WCSLIB 5.16"
| #define PACKAGE_BUGREPORT "mark@calabretta.id.au"
| #define PACKAGE_URL ""
| #define WCSLIB_VERSION 5.16
| #define STDC_HEADERS 1
| #define HAVE_SYS_TYPES_H 1
| #define HAVE_SYS_STAT_H 1
| #define HAVE_STDLIB_H 1
| #define HAVE_STRING_H 1
| #define HAVE_MEMORY_H 1
| #define HAVE_STRINGS_H 1
| #define HAVE_INTTYPES_H 1
| #define HAVE_STDINT_H 1
| #define HAVE_UNISTD_H 1
| #define STDC_HEADERS 1
| #define HAVE_CTYPE_H 1
| #define HAVE_ERRNO_H 1
| #define HAVE_LIMITS_H 1
| #define HAVE_LOCALE_H 1
| #define HAVE_MATH_H 1
| #define HAVE_SETJMP_H 1
| #define HAVE_STDARG_H 1
| #define HAVE_STDIO_H 1
| #define HAVE_STDLIB_H 1
| #define HAVE_STRING_H 1
| #define HAVE_LIBM 1
| #define HAVE_FSEEKO 1
| #define HAVE_STDLIB_H 1
| #define HAVE_MALLOC 1
| #define HAVE_STDLIB_H 1
| #define HAVE_REALLOC 1
| #define HAVE_VPRINTF 1
| #define HAVE_FLOOR 1
| #define HAVE_MEMSET 1
| #define HAVE_POW 1
| #define HAVE_SETLOCALE 1
| #define HAVE_SQRT 1
| #define HAVE_STRCHR 1
| #define HAVE_STRSTR 1
| /* end confdefs.h.  */
| 
| /* Override any GCC internal prototype to avoid an error.
|    Use char because int might match the return type of a GCC
|    builtin and then its argument prototype would still apply.  */
| #ifdef __cplusplus
| extern "C"
| #endif
| char cosd ();
| int
| main ()
| {
| return cosd ();
|   ;
|   return 0;
| }
configure:5496: result: no
configure:5506: checking for sincos
configure:5506: gcc -o conftest -g -O2   conftest.c -lm  >&5
Undefined symbols for architecture x86_64:
  "_sincos", referenced from:
      _main in conftest-023c1f.o
ld: symbol(s) not found for architecture x86_64
clang: error: linker command failed with exit code 1 (use -v to see invocation)
configure:5506: $? = 1
configure: failed program was:
| /* confdefs.h */
| #define PACKAGE_NAME "WCSLIB"
| #define PACKAGE_TARNAME "wcslib-5.16"
| #define PACKAGE_VERSION "5.16"
| #define PACKAGE_STRING "WCSLIB 5.16"
| #define PACKAGE_BUGREPORT "mark@calabretta.id.au"
| #define PACKAGE_URL ""
| #define WCSLIB_VERSION 5.16
| #define STDC_HEADERS 1
| #define HAVE_SYS_TYPES_H 1
| #define HAVE_SYS_STAT_H 1
| #define HAVE_STDLIB_H 1
| #define HAVE_STRING_H 1
| #define HAVE_MEMORY_H 1
| #define HAVE_STRINGS_H 1
| #define HAVE_INTTYPES_H 1
| #define HAVE_STDINT_H 1
| #define HAVE_UNISTD_H 1
| #define STDC_HEADERS 1
| #define HAVE_CTYPE_H 1
| #define HAVE_ERRNO_H 1
| #define HAVE_LIMITS_H 1
| #define HAVE_LOCALE_H 1
| #define HAVE_MATH_H 1
| #define HAVE_SETJMP_H 1
| #define HAVE_STDARG_H 1
| #define HAVE_STDIO_H 1
| #define HAVE_STDLIB_H 1
| #define HAVE_STRING_H 1
| #define HAVE_LIBM 1
| #define HAVE_FSEEKO 1
| #define HAVE_STDLIB_H 1
| #define HAVE_MALLOC 1
| #define HAVE_STDLIB_H 1
| #define HAVE_REALLOC 1
| #define HAVE_VPRINTF 1
| #define HAVE_FLOOR 1
| #define HAVE_MEMSET 1
| #define HAVE_POW 1
| #define HAVE_SETLOCALE 1
| #define HAVE_SQRT 1
| #define HAVE_STRCHR 1
| #define HAVE_STRSTR 1
| /* end confdefs.h.  */
| /* Define sincos to an innocuous variant, in case <limits.h> declares sincos.
|    For example, HP-UX 11i <limits.h> declares gettimeofday.  */
| #define sincos innocuous_sincos
| 
| /* System header to define __stub macros and hopefully few prototypes,
|     which can conflict with char sincos (); below.
|     Prefer <limits.h> to <assert.h> if __STDC__ is defined, since
|     <limits.h> exists even on freestanding compilers.  */
| 
| #ifdef __STDC__
| # include <limits.h>
| #else
| # include <assert.h>
| #endif
| 
| #undef sincos
| 
| /* Override any GCC internal prototype to avoid an error.
|    Use char because int might match the return type of a GCC
|    builtin and then its argument prototype would still apply.  */
| #ifdef __cplusplus
| extern "C"
| #endif
| char sincos ();
| /* The GNU C library defines this for functions which it implements
|     to always fail with ENOSYS.  Some functions are actually named
|     something starting with __ and the normal name is an alias.  */
| #if defined __stub_sincos || defined __stub___sincos
| choke me
| #endif
| 
| int
| main ()
| {
| return sincos ();
|   ;
|   return 0;
| }
configure:5506: result: no
configure:5521: checking size of int
configure:5526: gcc -o conftest -g -O2   conftest.c -lm  >&5
configure:5526: $? = 0
configure:5526: ./conftest
configure:5526: $? = 0
configure:5540: result: 4
configure:5554: checking size of long int
configure:5559: gcc -o conftest -g -O2   conftest.c -lm  >&5
configure:5559: $? = 0
configure:5559: ./conftest
configure:5559: $? = 0
configure:5573: result: 8
configure:5587: checking size of long long int
configure:5592: gcc -o conftest -g -O2   conftest.c -lm  >&5
configure:5592: $? = 0
configure:5592: ./conftest
configure:5592: $? = 0
configure:5606: result: 8
configure:5638: checking for printf z format modifier for size_t type
configure:5663: gcc -o conftest -g -O2   conftest.c -lm  >&5
configure:5663: $? = 0
configure:5663: ./conftest
configure:5663: $? = 0
configure:5667: result: yes
configure:5774: checking for gfortran
configure:5790: found /usr/local/bin/gfortran
configure:5801: result: gfortran
configure:5827: checking for Fortran 77 compiler version
configure:5836: gfortran --version >&5
GNU Fortran (Homebrew GCC 9.1.0) 9.1.0
Copyright (C) 2019 Free Software Foundation, Inc.
This is free software; see the source for copying conditions.  There is NO
warranty; not even for MERCHANTABILITY or FITNESS FOR A PARTICULAR PURPOSE.

configure:5847: $? = 0
configure:5836: gfortran -v >&5
Using built-in specs.
COLLECT_GCC=gfortran
COLLECT_LTO_WRAPPER=/usr/local/Cellar/gcc/9.1.0/libexec/gcc/x86_64-apple-darwin18/9.1.0/lto-wrapper
Target: x86_64-apple-darwin18
Configured with: ../configure --build=x86_64-apple-darwin18 --prefix=/usr/local/Cellar/gcc/9.1.0 --libdir=/usr/local/Cellar/gcc/9.1.0/lib/gcc/9 --disable-nls --enable-checking=release --enable-languages=c,c++,objc,obj-c++,fortran --program-suffix=-9 --with-gmp=/usr/local/opt/gmp --with-mpfr=/usr/local/opt/mpfr --with-mpc=/usr/local/opt/libmpc --with-isl=/usr/local/opt/isl --with-system-zlib --with-pkgversion='Homebrew GCC 9.1.0' --with-bugurl=https://github.com/Homebrew/homebrew-core/issues --disable-multilib --with-native-system-header-dir=/usr/include --with-sysroot=/Library/Developer/CommandLineTools/SDKs/MacOSX.sdk
Thread model: posix
gcc version 9.1.0 (Homebrew GCC 9.1.0) 
configure:5847: $? = 0
configure:5836: gfortran -V >&5
gfortran: error: unrecognized command line option '-V'
gfortran: fatal error: no input files
compilation terminated.
configure:5847: $? = 1
configure:5836: gfortran -qversion >&5
gfortran: error: unrecognized command line option '-qversion'; did you mean '--version'?
gfortran: fatal error: no input files
compilation terminated.
configure:5847: $? = 1
configure:5856: checking whether we are using the GNU Fortran 77 compiler
configure:5869: gfortran -c  conftest.F >&5
configure:5869: $? = 0
configure:5878: result: yes
configure:5884: checking whether gfortran accepts -g
configure:5895: gfortran -c -g conftest.f >&5
configure:5895: $? = 0
configure:5903: result: yes
configure:5957: checking whether gfortran accepts -I
configure:5972: gfortran -c -I. conftest.f >&5
configure:5972: $? = 0
configure:5973: result: yes
configure:5990: checking host system type
configure:6003: result: x86_64-apple-darwin18.7.0
configure:6027: checking how to get verbose linking output from gfortran
configure:6037: gfortran -c -g -O2 -I. conftest.f >&5
configure:6037: $? = 0
configure:6055: gfortran -o conftest -g -O2 -I. -v conftest.f -lm
Using built-in specs.
Target: x86_64-apple-darwin18
Thread model: posix
gcc version 9.1.0 (Homebrew GCC 9.1.0) 
 /usr/local/Cellar/gcc/9.1.0/libexec/gcc/x86_64-apple-darwin18/9.1.0/f951 conftest.f -ffixed-form -I . -fPIC -feliminate-unused-debug-symbols -quiet -dumpbase conftest.f -mmacosx-version-min=10.14.0 -mtune=core2 -auxbase conftest -g -O2 -version -fintrinsic-modules-path /usr/local/Cellar/gcc/9.1.0/lib/gcc/9/gcc/x86_64-apple-darwin18/9.1.0/finclude -o /var/folders/bd/ym7_px1s7_53zt92h0rfdb000000gp/T//cc0mi7NS.s
GNU Fortran (Homebrew GCC 9.1.0) version 9.1.0 (x86_64-apple-darwin18)
	compiled by GNU C version 9.1.0, GMP version 6.1.2, MPFR version 4.0.2, MPC version 1.1.0, isl version isl-0.21-GMP

GGC heuristics: --param ggc-min-expand=100 --param ggc-min-heapsize=131072
GNU Fortran2008 (Homebrew GCC 9.1.0) version 9.1.0 (x86_64-apple-darwin18)
	compiled by GNU C version 9.1.0, GMP version 6.1.2, MPFR version 4.0.2, MPC version 1.1.0, isl version isl-0.21-GMP

GGC heuristics: --param ggc-min-expand=100 --param ggc-min-heapsize=131072
 as -arch x86_64 -v -I . -force_cpusubtype_ALL -mmacosx-version-min=10.14 -o /var/folders/bd/ym7_px1s7_53zt92h0rfdb000000gp/T//ccVukou0.o /var/folders/bd/ym7_px1s7_53zt92h0rfdb000000gp/T//cc0mi7NS.s
Apple LLVM version 10.0.1 (clang-1001.0.46.4)
Target: x86_64-apple-darwin18.7.0
Thread model: posix
InstalledDir: /Library/Developer/CommandLineTools/usr/bin
 "/Library/Developer/CommandLineTools/usr/bin/clang" -cc1as -triple x86_64-apple-macosx10.14.0 -filetype obj -main-file-name cc0mi7NS.s -target-cpu penryn -I . -fdebug-compilation-dir /Users/samvaughan/Science/Hector/HectorObservationPipeline/hop/distortion_correction/HectorTranslationSoftware/Packages/wcslib-5.16 -dwarf-debug-producer Apple LLVM version 10.0.1 (clang-1001.0.46.4) -I . -dwarf-version=4 -mrelocation-model pic -o /var/folders/bd/ym7_px1s7_53zt92h0rfdb000000gp/T//ccVukou0.o /var/folders/bd/ym7_px1s7_53zt92h0rfdb000000gp/T//cc0mi7NS.s
Reading specs from /usr/local/Cellar/gcc/9.1.0/lib/gcc/9/gcc/x86_64-apple-darwin18/9.1.0/../../../libgfortran.spec
rename spec lib to liborig
 /usr/local/Cellar/gcc/9.1.0/libexec/gcc/x86_64-apple-darwin18/9.1.0/collect2 -syslibroot /Library/Developer/CommandLineTools/SDKs/MacOSX.sdk/ -dynamic -arch x86_64 -macosx_version_min 10.14.0 -weak_reference_mismatches non-weak -o conftest -L/usr/local/Cellar/gcc/9.1.0/lib/gcc/9/gcc/x86_64-apple-darwin18/9.1.0 -L/usr/local/Cellar/gcc/9.1.0/lib/gcc/9/gcc/x86_64-apple-darwin18/9.1.0/../../.. /var/folders/bd/ym7_px1s7_53zt92h0rfdb000000gp/T//ccVukou0.o -lgfortran -no_compact_unwind -lSystem -lgcc_ext.10.5 -lgcc -lquadmath -lm -lgcc_ext.10.5 -lgcc -lSystem -v -idsym -dsym
collect2 version 9.1.0
/usr/bin/ld -syslibroot /Library/Developer/CommandLineTools/SDKs/MacOSX.sdk/ -dynamic -arch x86_64 -macosx_version_min 10.14.0 -weak_reference_mismatches non-weak -o conftest -L/usr/local/Cellar/gcc/9.1.0/lib/gcc/9/gcc/x86_64-apple-darwin18/9.1.0 -L/usr/local/Cellar/gcc/9.1.0/lib/gcc/9/gcc/x86_64-apple-darwin18/9.1.0/../../.. /var/folders/bd/ym7_px1s7_53zt92h0rfdb000000gp/T//ccVukou0.o -lgfortran -no_compact_unwind -lSystem -lgcc_ext.10.5 -lgcc -lquadmath -lm -lgcc_ext.10.5 -lgcc -lSystem -v
@(#)PROGRAM:ld  PROJECT:ld64-450.3
BUILD 18:16:53 Apr  5 2019
configured to support archs: armv6 armv7 armv7s arm64 arm64e arm64_32 i386 x86_64 x86_64h armv6m armv7k armv7m armv7em
Library search paths:
	/usr/local/Cellar/gcc/9.1.0/lib/gcc/9/gcc/x86_64-apple-darwin18/9.1.0
	/usr/local/Cellar/gcc/9.1.0/lib/gcc/9
	/Library/Developer/CommandLineTools/SDKs/MacOSX.sdk/usr/lib
Framework search paths:
	/Library/Developer/CommandLineTools/SDKs/MacOSX.sdk/System/Library/Frameworks/
dsymutil conftest
configure:6138: result: -v
configure:6140: checking for Fortran 77 libraries of gfortran
configure:6163: gfortran -o conftest -g -O2 -I. -v conftest.f -lm
Using built-in specs.
Target: x86_64-apple-darwin18
Thread model: posix
gcc version 9.1.0 (Homebrew GCC 9.1.0) 
 /usr/local/Cellar/gcc/9.1.0/libexec/gcc/x86_64-apple-darwin18/9.1.0/f951 conftest.f -ffixed-form -I . -fPIC -feliminate-unused-debug-symbols -quiet -dumpbase conftest.f -mmacosx-version-min=10.14.0 -mtune=core2 -auxbase conftest -g -O2 -version -fintrinsic-modules-path /usr/local/Cellar/gcc/9.1.0/lib/gcc/9/gcc/x86_64-apple-darwin18/9.1.0/finclude -o /var/folders/bd/ym7_px1s7_53zt92h0rfdb000000gp/T//cc84jnXP.s
GNU Fortran (Homebrew GCC 9.1.0) version 9.1.0 (x86_64-apple-darwin18)
	compiled by GNU C version 9.1.0, GMP version 6.1.2, MPFR version 4.0.2, MPC version 1.1.0, isl version isl-0.21-GMP

GGC heuristics: --param ggc-min-expand=100 --param ggc-min-heapsize=131072
GNU Fortran2008 (Homebrew GCC 9.1.0) version 9.1.0 (x86_64-apple-darwin18)
	compiled by GNU C version 9.1.0, GMP version 6.1.2, MPFR version 4.0.2, MPC version 1.1.0, isl version isl-0.21-GMP

GGC heuristics: --param ggc-min-expand=100 --param ggc-min-heapsize=131072
 as -arch x86_64 -v -I . -force_cpusubtype_ALL -mmacosx-version-min=10.14 -o /var/folders/bd/ym7_px1s7_53zt92h0rfdb000000gp/T//ccLdCjQ0.o /var/folders/bd/ym7_px1s7_53zt92h0rfdb000000gp/T//cc84jnXP.s
Apple LLVM version 10.0.1 (clang-1001.0.46.4)
Target: x86_64-apple-darwin18.7.0
Thread model: posix
InstalledDir: /Library/Developer/CommandLineTools/usr/bin
 "/Library/Developer/CommandLineTools/usr/bin/clang" -cc1as -triple x86_64-apple-macosx10.14.0 -filetype obj -main-file-name cc84jnXP.s -target-cpu penryn -I . -fdebug-compilation-dir /Users/samvaughan/Science/Hector/HectorObservationPipeline/hop/distortion_correction/HectorTranslationSoftware/Packages/wcslib-5.16 -dwarf-debug-producer Apple LLVM version 10.0.1 (clang-1001.0.46.4) -I . -dwarf-version=4 -mrelocation-model pic -o /var/folders/bd/ym7_px1s7_53zt92h0rfdb000000gp/T//ccLdCjQ0.o /var/folders/bd/ym7_px1s7_53zt92h0rfdb000000gp/T//cc84jnXP.s
Reading specs from /usr/local/Cellar/gcc/9.1.0/lib/gcc/9/gcc/x86_64-apple-darwin18/9.1.0/../../../libgfortran.spec
rename spec lib to liborig
 /usr/local/Cellar/gcc/9.1.0/libexec/gcc/x86_64-apple-darwin18/9.1.0/collect2 -syslibroot /Library/Developer/CommandLineTools/SDKs/MacOSX.sdk/ -dynamic -arch x86_64 -macosx_version_min 10.14.0 -weak_reference_mismatches non-weak -o conftest -L/usr/local/Cellar/gcc/9.1.0/lib/gcc/9/gcc/x86_64-apple-darwin18/9.1.0 -L/usr/local/Cellar/gcc/9.1.0/lib/gcc/9/gcc/x86_64-apple-darwin18/9.1.0/../../.. /var/folders/bd/ym7_px1s7_53zt92h0rfdb000000gp/T//ccLdCjQ0.o -lgfortran -no_compact_unwind -lSystem -lgcc_ext.10.5 -lgcc -lquadmath -lm -lgcc_ext.10.5 -lgcc -lSystem -v -idsym -dsym
collect2 version 9.1.0
/usr/bin/ld -syslibroot /Library/Developer/CommandLineTools/SDKs/MacOSX.sdk/ -dynamic -arch x86_64 -macosx_version_min 10.14.0 -weak_reference_mismatches non-weak -o conftest -L/usr/local/Cellar/gcc/9.1.0/lib/gcc/9/gcc/x86_64-apple-darwin18/9.1.0 -L/usr/local/Cellar/gcc/9.1.0/lib/gcc/9/gcc/x86_64-apple-darwin18/9.1.0/../../.. /var/folders/bd/ym7_px1s7_53zt92h0rfdb000000gp/T//ccLdCjQ0.o -lgfortran -no_compact_unwind -lSystem -lgcc_ext.10.5 -lgcc -lquadmath -lm -lgcc_ext.10.5 -lgcc -lSystem -v
@(#)PROGRAM:ld  PROJECT:ld64-450.3
BUILD 18:16:53 Apr  5 2019
configured to support archs: armv6 armv7 armv7s arm64 arm64e arm64_32 i386 x86_64 x86_64h armv6m armv7k armv7m armv7em
Library search paths:
	/usr/local/Cellar/gcc/9.1.0/lib/gcc/9/gcc/x86_64-apple-darwin18/9.1.0
	/usr/local/Cellar/gcc/9.1.0/lib/gcc/9
	/Library/Developer/CommandLineTools/SDKs/MacOSX.sdk/usr/lib
Framework search paths:
	/Library/Developer/CommandLineTools/SDKs/MacOSX.sdk/System/Library/Frameworks/
dsymutil conftest
configure:6359: result:  -L/usr/local/Cellar/gcc/9.1.0/lib/gcc/9/gcc/x86_64-apple-darwin18/9.1.0 -L/usr/local/Cellar/gcc/9.1.0/lib/gcc/9/gcc/x86_64-apple-darwin18/9.1.0/../../.. -lgfortran -lquadmath -lm
configure:6377: checking for dummy main to link with Fortran 77 libraries
configure:6411: gcc -o conftest -g -O2   conftest.c -lm   -L/usr/local/Cellar/gcc/9.1.0/lib/gcc/9/gcc/x86_64-apple-darwin18/9.1.0 -L/usr/local/Cellar/gcc/9.1.0/lib/gcc/9/gcc/x86_64-apple-darwin18/9.1.0/../../.. -lgfortran -lquadmath -lm >&5
configure:6411: $? = 0
configure:6456: result: none
configure:6489: checking for Fortran 77 name-mangling scheme
configure:6502: gfortran -c -g -O2 -I. conftest.f >&5
configure:6502: $? = 0
configure:6543: gcc -o conftest -g -O2   conftest.c cfortran_test.o -lm   -L/usr/local/Cellar/gcc/9.1.0/lib/gcc/9/gcc/x86_64-apple-darwin18/9.1.0 -L/usr/local/Cellar/gcc/9.1.0/lib/gcc/9/gcc/x86_64-apple-darwin18/9.1.0/../../.. -lgfortran -lquadmath -lm >&5
Undefined symbols for architecture x86_64:
  "_foobar", referenced from:
      _main in conftest-b00863.o
     (maybe you meant: _foobar_)
ld: symbol(s) not found for architecture x86_64
clang: error: linker command failed with exit code 1 (use -v to see invocation)
configure:6543: $? = 1
configure: failed program was:
| /* confdefs.h */
| #define PACKAGE_NAME "WCSLIB"
| #define PACKAGE_TARNAME "wcslib-5.16"
| #define PACKAGE_VERSION "5.16"
| #define PACKAGE_STRING "WCSLIB 5.16"
| #define PACKAGE_BUGREPORT "mark@calabretta.id.au"
| #define PACKAGE_URL ""
| #define WCSLIB_VERSION 5.16
| #define STDC_HEADERS 1
| #define HAVE_SYS_TYPES_H 1
| #define HAVE_SYS_STAT_H 1
| #define HAVE_STDLIB_H 1
| #define HAVE_STRING_H 1
| #define HAVE_MEMORY_H 1
| #define HAVE_STRINGS_H 1
| #define HAVE_INTTYPES_H 1
| #define HAVE_STDINT_H 1
| #define HAVE_UNISTD_H 1
| #define STDC_HEADERS 1
| #define HAVE_CTYPE_H 1
| #define HAVE_ERRNO_H 1
| #define HAVE_LIMITS_H 1
| #define HAVE_LOCALE_H 1
| #define HAVE_MATH_H 1
| #define HAVE_SETJMP_H 1
| #define HAVE_STDARG_H 1
| #define HAVE_STDIO_H 1
| #define HAVE_STDLIB_H 1
| #define HAVE_STRING_H 1
| #define HAVE_LIBM 1
| #define HAVE_FSEEKO 1
| #define HAVE_STDLIB_H 1
| #define HAVE_MALLOC 1
| #define HAVE_STDLIB_H 1
| #define HAVE_REALLOC 1
| #define HAVE_VPRINTF 1
| #define HAVE_FLOOR 1
| #define HAVE_MEMSET 1
| #define HAVE_POW 1
| #define HAVE_SETLOCALE 1
| #define HAVE_SQRT 1
| #define HAVE_STRCHR 1
| #define HAVE_STRSTR 1
| #define SIZEOF_INT 4
| #define SIZEOF_LONG_INT 8
| #define SIZEOF_LONG_LONG_INT 8
| #define WCSLIB_INT64 long long int
| #define MODZ "z"
| /* end confdefs.h.  */
| 
| /* Override any GCC internal prototype to avoid an error.
|    Use char because int might match the return type of a GCC
|    builtin and then its argument prototype would still apply.  */
| #ifdef __cplusplus
| extern "C"
| #endif
| char foobar ();
| #ifdef F77_DUMMY_MAIN
| 
| #  ifdef __cplusplus
|      extern "C"
| #  endif
|    int F77_DUMMY_MAIN() { return 1; }
| 
| #endif
| int
| main ()
| {
| return foobar ();
|   ;
|   return 0;
| }
configure:6543: gcc -o conftest -g -O2   conftest.c cfortran_test.o -lm   -L/usr/local/Cellar/gcc/9.1.0/lib/gcc/9/gcc/x86_64-apple-darwin18/9.1.0 -L/usr/local/Cellar/gcc/9.1.0/lib/gcc/9/gcc/x86_64-apple-darwin18/9.1.0/../../.. -lgfortran -lquadmath -lm >&5
configure:6543: $? = 0
configure:6601: gcc -o conftest -g -O2   conftest.c cfortran_test.o -lm   -L/usr/local/Cellar/gcc/9.1.0/lib/gcc/9/gcc/x86_64-apple-darwin18/9.1.0 -L/usr/local/Cellar/gcc/9.1.0/lib/gcc/9/gcc/x86_64-apple-darwin18/9.1.0/../../.. -lgfortran -lquadmath -lm >&5
configure:6601: $? = 0
configure:6643: result: lower case, underscore, no extra underscore
configure:6721: checking for printf$LDBLStub in -lSystemStubs
configure:6754: gcc -o conftest -g -O2   conftest.c -lSystemStubs  -lm  >&5
ld: library not found for -lSystemStubs
clang: error: linker command failed with exit code 1 (use -v to see invocation)
configure:6754: $? = 1
configure: failed program was:
| /* confdefs.h */
| #define PACKAGE_NAME "WCSLIB"
| #define PACKAGE_TARNAME "wcslib-5.16"
| #define PACKAGE_VERSION "5.16"
| #define PACKAGE_STRING "WCSLIB 5.16"
| #define PACKAGE_BUGREPORT "mark@calabretta.id.au"
| #define PACKAGE_URL ""
| #define WCSLIB_VERSION 5.16
| #define STDC_HEADERS 1
| #define HAVE_SYS_TYPES_H 1
| #define HAVE_SYS_STAT_H 1
| #define HAVE_STDLIB_H 1
| #define HAVE_STRING_H 1
| #define HAVE_MEMORY_H 1
| #define HAVE_STRINGS_H 1
| #define HAVE_INTTYPES_H 1
| #define HAVE_STDINT_H 1
| #define HAVE_UNISTD_H 1
| #define STDC_HEADERS 1
| #define HAVE_CTYPE_H 1
| #define HAVE_ERRNO_H 1
| #define HAVE_LIMITS_H 1
| #define HAVE_LOCALE_H 1
| #define HAVE_MATH_H 1
| #define HAVE_SETJMP_H 1
| #define HAVE_STDARG_H 1
| #define HAVE_STDIO_H 1
| #define HAVE_STDLIB_H 1
| #define HAVE_STRING_H 1
| #define HAVE_LIBM 1
| #define HAVE_FSEEKO 1
| #define HAVE_STDLIB_H 1
| #define HAVE_MALLOC 1
| #define HAVE_STDLIB_H 1
| #define HAVE_REALLOC 1
| #define HAVE_VPRINTF 1
| #define HAVE_FLOOR 1
| #define HAVE_MEMSET 1
| #define HAVE_POW 1
| #define HAVE_SETLOCALE 1
| #define HAVE_SQRT 1
| #define HAVE_STRCHR 1
| #define HAVE_STRSTR 1
| #define SIZEOF_INT 4
| #define SIZEOF_LONG_INT 8
| #define SIZEOF_LONG_LONG_INT 8
| #define WCSLIB_INT64 long long int
| #define MODZ "z"
| #define F77_FUNC(name,NAME) name ## _
| #define F77_FUNC_(name,NAME) name ## _
| /* end confdefs.h.  */
| 
| /* Override any GCC internal prototype to avoid an error.
|    Use char because int might match the return type of a GCC
|    builtin and then its argument prototype would still apply.  */
| #ifdef __cplusplus
| extern "C"
| #endif
| char printf$LDBLStub ();
| #ifdef F77_DUMMY_MAIN
| 
| #  ifdef __cplusplus
|      extern "C"
| #  endif
|    int F77_DUMMY_MAIN() { return 1; }
| 
| #endif
| int
| main ()
| {
| return printf$LDBLStub ();
|   ;
|   return 0;
| }
configure:6764: result: no
configure:6818: checking for ranlib
configure:6834: found /usr/bin/ranlib
configure:6845: result: ranlib
configure:6917: checking whether ln -s works
configure:6921: result: yes
configure:6942: checking for a BSD-compatible install
configure:7010: result: /usr/local/bin/ginstall -c
configure:7023: End of primary configuration.

configure:7030: Looking for libraries etc. for utilities and test suite...
configure:7036: checking for unistd.h
configure:7036: result: yes
configure:7048: checking for _LARGEFILE_SOURCE value needed for large files
configure:7111: result: no
configure:7139: checking for special C compiler options needed for large files
configure:7192: result: no
configure:7198: checking for _FILE_OFFSET_BITS value needed for large files
configure:7231: gcc -c -g -O2  conftest.c >&5
configure:7231: $? = 0
configure:7271: result: no
configure:7384: WARNING: CFITSIO disabled
configure:7423: WARNING: PGPLOT disabled
configure:8472: End of auxiliary configuration.

configure:8478: Configuring files...
configure:8598: creating ./config.status

## ---------------------- ##
## Running config.status. ##
## ---------------------- ##

This file was extended by WCSLIB config.status 5.16, which was
generated by GNU Autoconf 2.69.  Invocation command line was

  CONFIG_FILES    = 
  CONFIG_HEADERS  = 
  CONFIG_LINKS    = 
  CONFIG_COMMANDS = 
  $ ./config.status 

on AC02YP1U4LVDC

config.status:875: creating makedefs
config.status:875: creating wcslib.pc
config.status:875: creating wcsconfig.h
config.status:875: creating wcsconfig_f77.h
config.status:875: creating wcsconfig_tests.h
config.status:875: creating wcsconfig_utils.h

## ---------------- ##
## Cache variables. ##
## ---------------- ##

ac_cv_build=x86_64-apple-darwin18.7.0
ac_cv_c_compiler_gnu=yes
ac_cv_c_const=yes
ac_cv_c_int16_t=yes
ac_cv_c_int32_t=yes
ac_cv_c_int8_t=yes
ac_cv_c_uint16_t=yes
ac_cv_c_uint32_t=yes
ac_cv_c_uint8_t=yes
ac_cv_env_CC_set=
ac_cv_env_CC_value=
ac_cv_env_CFLAGS_set=
ac_cv_env_CFLAGS_value=
ac_cv_env_CPPFLAGS_set=
ac_cv_env_CPPFLAGS_value=
ac_cv_env_CPP_set=
ac_cv_env_CPP_value=
ac_cv_env_F77_set=
ac_cv_env_F77_value=
ac_cv_env_FFLAGS_set=
ac_cv_env_FFLAGS_value=
ac_cv_env_LDFLAGS_set=
ac_cv_env_LDFLAGS_value=
ac_cv_env_LIBS_set=
ac_cv_env_LIBS_value=
ac_cv_env_XMKMF_set=
ac_cv_env_XMKMF_value=
ac_cv_env_build_alias_set=
ac_cv_env_build_alias_value=
ac_cv_env_host_alias_set=
ac_cv_env_host_alias_value=
ac_cv_env_target_alias_set=
ac_cv_env_target_alias_value=
ac_cv_f77_compiler_gnu=yes
ac_cv_f77_dummy_main=none
ac_cv_f77_libs=' -L/usr/local/Cellar/gcc/9.1.0/lib/gcc/9/gcc/x86_64-apple-darwin18/9.1.0 -L/usr/local/Cellar/gcc/9.1.0/lib/gcc/9/gcc/x86_64-apple-darwin18/9.1.0/../../.. -lgfortran -lquadmath -lm'
ac_cv_f77_mangling='lower case, underscore, no extra underscore'
ac_cv_fortran_dummy_main=none
ac_cv_func__doprnt=no
ac_cv_func_floor=yes
ac_cv_func_lstat_dereferences_slashed_symlink=no
ac_cv_func_malloc_0_nonnull=yes
ac_cv_func_memset=yes
ac_cv_func_pow=yes
ac_cv_func_realloc_0_nonnull=yes
ac_cv_func_setlocale=yes
ac_cv_func_setvbuf_reversed=no
ac_cv_func_sincos=no
ac_cv_func_sqrt=yes
ac_cv_func_stat_empty_string_bug=no
ac_cv_func_strchr=yes
ac_cv_func_strstr=yes
ac_cv_func_vprintf=yes
ac_cv_header_ctype_h=yes
ac_cv_header_errno_h=yes
ac_cv_header_inttypes_h=yes
ac_cv_header_limits_h=yes
ac_cv_header_locale_h=yes
ac_cv_header_math_h=yes
ac_cv_header_memory_h=yes
ac_cv_header_setjmp_h=yes
ac_cv_header_stdarg_h=yes
ac_cv_header_stdc=yes
ac_cv_header_stdint_h=yes
ac_cv_header_stdio_h=yes
ac_cv_header_stdlib_h=yes
ac_cv_header_string_h=yes
ac_cv_header_strings_h=yes
ac_cv_header_sys_stat_h=yes
ac_cv_header_sys_types_h=yes
ac_cv_header_unistd_h=yes
ac_cv_host=x86_64-apple-darwin18.7.0
ac_cv_lib_SystemStubs_printf_LDBLStub=no
ac_cv_lib_m_floor=yes
ac_cv_lib_sunmath_cosd=no
ac_cv_objext=o
ac_cv_path_EGREP='/usr/bin/grep -E'
ac_cv_path_GREP=/usr/bin/grep
ac_cv_path_install='/usr/local/bin/ginstall -c'
ac_cv_prog_CPP='gcc -E'
ac_cv_prog_FLEX=flex
ac_cv_prog_ac_ct_CC=gcc
ac_cv_prog_ac_ct_F77=gfortran
ac_cv_prog_ac_ct_RANLIB=ranlib
ac_cv_prog_cc_c89=
ac_cv_prog_cc_c99=
ac_cv_prog_cc_g=yes
ac_cv_prog_cc_stdc=
ac_cv_prog_f77_g=yes
ac_cv_prog_f77_v=-v
ac_cv_sizeof_int=4
ac_cv_sizeof_long_int=8
ac_cv_sizeof_long_long_int=8
ac_cv_sys_file_offset_bits=no
ac_cv_sys_largefile_CC=no
ac_cv_sys_largefile_source=no
ac_cv_type_off_t=yes
ac_cv_type_size_t=yes

## ----------------- ##
## Output variables. ##
## ----------------- ##

ARCH='x86_64-darwin18.7.0'
CC='gcc'
CFITSIOINC=''
CFITSIOLIB=''
CFLAGS='-g -O2'
CPP='gcc -E'
CPPFLAGS=''
DEFS='-DHAVE_CONFIG_H'
ECHO_C='\c'
ECHO_N=''
ECHO_T=''
EGREP='/usr/bin/grep -E'
EXEEXT=''
F77='gfortran'
FFLAGS='-g -O2 -I.'
FLEX='flex'
FLIBS=' -L/usr/local/Cellar/gcc/9.1.0/lib/gcc/9/gcc/x86_64-apple-darwin18/9.1.0 -L/usr/local/Cellar/gcc/9.1.0/lib/gcc/9/gcc/x86_64-apple-darwin18/9.1.0/../../.. -lgfortran -lquadmath -lm'
GETWCSTAB=''
GREP='/usr/bin/grep'
INSTALL_DATA='${INSTALL} -m 644'
INSTALL_PROGRAM='${INSTALL}'
INSTALL_SCRIPT='${INSTALL}'
INSTDIR='Fortran utils'
LDFLAGS=''
LIBOBJS=' ${LIBOBJDIR}lstat$U.o'
LIBS='-lm '
LIBVER='5.16'
LN_S='ln -s'
LTLIBOBJS=' ${LIBOBJDIR}lstat$U.lo'
OBJEXT='o'
PACKAGE_BUGREPORT='mark@calabretta.id.au'
PACKAGE_NAME='WCSLIB'
PACKAGE_STRING='WCSLIB 5.16'
PACKAGE_TARNAME='wcslib-5.16'
PACKAGE_URL=''
PACKAGE_VERSION='5.16'
PATH_SEPARATOR=':'
PGPLOTINC=''
PGPLOTLIB=''
RANLIB='ranlib'
SHELL='/bin/sh'
SHRFLAGS='-fPIC'
SHRLD='$(CC) $(SHRFLAGS) -dynamiclib -single_module -compatibility_version 5 -current_version 5.16'
SHRLIB='libwcs.5.16.dylib'
SHRLN='libwcs.dylib'
SHRSFX=''
SONAME='libwcs.5.dylib'
SUBDIRS='C Fortran utils'
TSTDIRS='C Fortran'
XMKMF=''
ac_ct_CC='gcc'
ac_ct_F77='gfortran'
bindir='${exec_prefix}/bin'
build='x86_64-apple-darwin18.7.0'
build_alias=''
build_cpu='x86_64'
build_os='darwin18.7.0'
build_vendor='apple'
datadir='${datarootdir}'
datarootdir='${prefix}/share'
docdir='${datarootdir}/doc/${PACKAGE_TARNAME}'
dvidir='${docdir}'
exec_prefix='${prefix}'
host='x86_64-apple-darwin18.7.0'
host_alias=''
host_cpu='x86_64'
host_os='darwin18.7.0'
host_vendor='apple'
htmldir='${docdir}'
includedir='${prefix}/include'
infodir='${datarootdir}/info'
libdir='${exec_prefix}/lib'
libexecdir='${exec_prefix}/libexec'
localedir='${datarootdir}/locale'
localstatedir='${prefix}/var'
mandir='${datarootdir}/man'
oldincludedir='/usr/include'
pdfdir='${docdir}'
prefix='/usr/local'
program_transform_name='s,x,x,'
psdir='${docdir}'
sbindir='${exec_prefix}/sbin'
sharedstatedir='${prefix}/com'
sysconfdir='${prefix}/etc'
target_alias=''

## ----------- ##
## confdefs.h. ##
## ----------- ##

/* confdefs.h */
#define PACKAGE_NAME "WCSLIB"
#define PACKAGE_TARNAME "wcslib-5.16"
#define PACKAGE_VERSION "5.16"
#define PACKAGE_STRING "WCSLIB 5.16"
#define PACKAGE_BUGREPORT "mark@calabretta.id.au"
#define PACKAGE_URL ""
#define WCSLIB_VERSION 5.16
#define STDC_HEADERS 1
#define HAVE_SYS_TYPES_H 1
#define HAVE_SYS_STAT_H 1
#define HAVE_STDLIB_H 1
#define HAVE_STRING_H 1
#define HAVE_MEMORY_H 1
#define HAVE_STRINGS_H 1
#define HAVE_INTTYPES_H 1
#define HAVE_STDINT_H 1
#define HAVE_UNISTD_H 1
#define STDC_HEADERS 1
#define HAVE_CTYPE_H 1
#define HAVE_ERRNO_H 1
#define HAVE_LIMITS_H 1
#define HAVE_LOCALE_H 1
#define HAVE_MATH_H 1
#define HAVE_SETJMP_H 1
#define HAVE_STDARG_H 1
#define HAVE_STDIO_H 1
#define HAVE_STDLIB_H 1
#define HAVE_STRING_H 1
#define HAVE_LIBM 1
#define HAVE_FSEEKO 1
#define HAVE_STDLIB_H 1
#define HAVE_MALLOC 1
#define HAVE_STDLIB_H 1
#define HAVE_REALLOC 1
#define HAVE_VPRINTF 1
#define HAVE_FLOOR 1
#define HAVE_MEMSET 1
#define HAVE_POW 1
#define HAVE_SETLOCALE 1
#define HAVE_SQRT 1
#define HAVE_STRCHR 1
#define HAVE_STRSTR 1
#define SIZEOF_INT 4
#define SIZEOF_LONG_INT 8
#define SIZEOF_LONG_LONG_INT 8
#define WCSLIB_INT64 long long int
#define MODZ "z"
#define F77_FUNC(name,NAME) name ## _
#define F77_FUNC_(name,NAME) name ## _
#define HAVE_UNISTD_H 1
#define HAVE_FSEEKO 1

configure: exit 0
